<?xml version="1.0" encoding="UTF-8"?>
<!-- Generated by org.testng.reporters.JUnitReportReporter -->
<testsuite skipped="0" hostname="INAIRLT541268" name="LearnSelenium.TestNG.sessions.TestNgPriority" tests="4" failures="0" timestamp="2022-01-04T17:29:21 IST" time="0.008" errors="0">
  <testcase name="finalLogout" time="0.001" classname="LearnSelenium.TestNG.sessions.TestNgPriority"/>
  <system-out/>
  <testcase name="alogout" time="0.007" classname="LearnSelenium.TestNG.sessions.TestNgPriority"/>
  <system-out/>
  <testcase name="signIn2" time="0.000" classname="LearnSelenium.TestNG.sessions.TestNgPriority"/>
  <system-out/>
  <testcase name="signIn" time="0.000" classname="LearnSelenium.TestNG.sessions.TestNgPriority"/>
  <system-out/>
</testsuite> <!-- LearnSelenium.TestNG.sessions.TestNgPriority -->
